0 info it worked if it ends with ok
1 verbose cli [ '/usr/bin/node', '/usr/bin/npm', 'install', '-g', 'babel' ]
2 info using npm@3.10.10
3 info using node@v6.11.4
4 silly loadCurrentTree Starting
5 silly install loadCurrentTree
6 silly install readGlobalPackageData
7 silly fetchPackageMetaData babel
8 silly fetchNamedPackageData babel
9 silly mapToRegistry name babel
10 silly mapToRegistry using default registry
11 silly mapToRegistry registry https://registry.npmjs.org/
12 silly mapToRegistry data Result {
12 silly mapToRegistry   raw: 'babel',
12 silly mapToRegistry   scope: null,
12 silly mapToRegistry   escapedName: 'babel',
12 silly mapToRegistry   name: 'babel',
12 silly mapToRegistry   rawSpec: '',
12 silly mapToRegistry   spec: 'latest',
12 silly mapToRegistry   type: 'tag' }
13 silly mapToRegistry uri https://registry.npmjs.org/babel
14 verbose request uri https://registry.npmjs.org/babel
15 verbose request no auth needed
16 info attempt registry request try #1 at 11:06:02 AM
17 verbose request id ba6ad8937b1ec715
18 http request GET https://registry.npmjs.org/babel
19 http 200 https://registry.npmjs.org/babel
20 verbose headers { server: 'nginx/1.10.1',
20 verbose headers   'content-type': 'application/json',
20 verbose headers   'last-modified': 'Tue, 19 Sep 2017 22:52:33 GMT',
20 verbose headers   etag: 'W/"59c19fb1-3cdff"',
20 verbose headers   'content-encoding': 'gzip',
20 verbose headers   'cache-control': 'max-age=300',
20 verbose headers   'content-length': '16752',
20 verbose headers   'accept-ranges': 'bytes',
20 verbose headers   date: 'Sat, 07 Oct 2017 18:06:05 GMT',
20 verbose headers   via: '1.1 varnish',
20 verbose headers   age: '0',
20 verbose headers   connection: 'keep-alive',
20 verbose headers   'x-served-by': 'cache-hkg17920-HKG',
20 verbose headers   'x-cache': 'MISS',
20 verbose headers   'x-cache-hits': '0',
20 verbose headers   'x-timer': 'S1507399564.324061,VS0,VE929',
20 verbose headers   vary: 'Accept-Encoding, Accept' }
21 silly get cb [ 200,
21 silly get   { server: 'nginx/1.10.1',
21 silly get     'content-type': 'application/json',
21 silly get     'last-modified': 'Tue, 19 Sep 2017 22:52:33 GMT',
21 silly get     etag: 'W/"59c19fb1-3cdff"',
21 silly get     'content-encoding': 'gzip',
21 silly get     'cache-control': 'max-age=300',
21 silly get     'content-length': '16752',
21 silly get     'accept-ranges': 'bytes',
21 silly get     date: 'Sat, 07 Oct 2017 18:06:05 GMT',
21 silly get     via: '1.1 varnish',
21 silly get     age: '0',
21 silly get     connection: 'keep-alive',
21 silly get     'x-served-by': 'cache-hkg17920-HKG',
21 silly get     'x-cache': 'MISS',
21 silly get     'x-cache-hits': '0',
21 silly get     'x-timer': 'S1507399564.324061,VS0,VE929',
21 silly get     vary: 'Accept-Encoding, Accept' } ]
22 verbose get saving babel to /home/saaad/.npm/registry.npmjs.org/babel/.cache.json
23 verbose correctMkdir /home/saaad/.npm correctMkdir not in flight; initializing
24 verbose makeDirectory /home/saaad/.npm creation not in flight; initializing
25 silly makeDirectory /home/saaad/.npm uid: 1000 gid: 1000
26 silly install normalizeTree
27 silly loadCurrentTree Finishing
28 silly loadIdealTree Starting
29 silly install loadIdealTree
30 silly cloneCurrentTree Starting
31 silly install cloneCurrentTreeToIdealTree
32 silly cloneCurrentTree Finishing
33 silly loadShrinkwrap Starting
34 silly install loadShrinkwrap
35 silly loadShrinkwrap Finishing
36 silly loadAllDepsIntoIdealTree Starting
37 silly install loadAllDepsIntoIdealTree
38 silly resolveWithNewModule babel@6.23.0 checking installable status
39 silly cache add args [ 'babel', null ]
40 verbose cache add spec babel
41 silly cache add parsed spec Result {
41 silly cache add   raw: 'babel',
41 silly cache add   scope: null,
41 silly cache add   escapedName: 'babel',
41 silly cache add   name: 'babel',
41 silly cache add   rawSpec: '',
41 silly cache add   spec: 'latest',
41 silly cache add   type: 'tag' }
42 silly addNamed babel@latest
43 verbose addNamed "latest" is being treated as a dist-tag for babel
44 info addNameTag [ 'babel', 'latest' ]
45 silly mapToRegistry name babel
46 silly mapToRegistry using default registry
47 silly mapToRegistry registry https://registry.npmjs.org/
48 silly mapToRegistry data Result {
48 silly mapToRegistry   raw: 'babel',
48 silly mapToRegistry   scope: null,
48 silly mapToRegistry   escapedName: 'babel',
48 silly mapToRegistry   name: 'babel',
48 silly mapToRegistry   rawSpec: '',
48 silly mapToRegistry   spec: 'latest',
48 silly mapToRegistry   type: 'tag' }
49 silly mapToRegistry uri https://registry.npmjs.org/babel
50 verbose addNameTag registry:https://registry.npmjs.org/babel not in flight; fetching
51 verbose get https://registry.npmjs.org/babel not expired, no request
52 silly addNameTag next cb for babel with tag latest
53 silly addNamed babel@6.23.0
54 verbose addNamed "6.23.0" is a plain semver version for babel
55 warn deprecated babel@6.23.0: In 6.x, the babel package has been deprecated in favor of babel-cli. Check https://opencollective.com/babel to support the Babel maintainers
56 silly mapToRegistry name babel
57 silly mapToRegistry using default registry
58 silly mapToRegistry registry https://registry.npmjs.org/
59 silly mapToRegistry data Result {
59 silly mapToRegistry   raw: 'babel',
59 silly mapToRegistry   scope: null,
59 silly mapToRegistry   escapedName: 'babel',
59 silly mapToRegistry   name: 'babel',
59 silly mapToRegistry   rawSpec: '',
59 silly mapToRegistry   spec: 'latest',
59 silly mapToRegistry   type: 'tag' }
60 silly mapToRegistry uri https://registry.npmjs.org/babel
61 verbose addRemoteTarball https://registry.npmjs.org/babel/-/babel-6.23.0.tgz not in flight; adding
62 verbose addRemoteTarball [ 'https://registry.npmjs.org/babel/-/babel-6.23.0.tgz',
62 verbose addRemoteTarball   'd0d1e7d803e974765beea3232d4e153c0efb90f4' ]
63 info retry fetch attempt 1 at 11:06:06 AM
64 info attempt registry request try #1 at 11:06:06 AM
65 http fetch GET https://registry.npmjs.org/babel/-/babel-6.23.0.tgz
66 http fetch 200 https://registry.npmjs.org/babel/-/babel-6.23.0.tgz
67 silly fetchAndShaCheck shasum d0d1e7d803e974765beea3232d4e153c0efb90f4
68 verbose addTmpTarball /tmp/npm-3032-b92356a4/registry.npmjs.org/babel/-/babel-6.23.0.tgz not in flight; adding
69 verbose addTmpTarball already have metadata; skipping unpack for babel@6.23.0
70 verbose correctMkdir /home/saaad/.npm correctMkdir not in flight; initializing
71 silly cache afterAdd babel@6.23.0
72 verbose afterAdd /home/saaad/.npm/babel/6.23.0/package/package.json not in flight; writing
73 verbose correctMkdir /home/saaad/.npm correctMkdir not in flight; initializing
74 verbose afterAdd /home/saaad/.npm/babel/6.23.0/package/package.json written
75 silly loadAllDepsIntoIdealTree Finishing
76 silly loadIdealTree Finishing
77 silly currentTree lib
78 silly idealTree lib
78 silly idealTree └── babel@6.23.0
79 silly generateActionsToTake Starting
80 silly install generateActionsToTake
81 warn checkPermissions Missing write access to /usr/lib/node_modules
82 silly rollbackFailedOptional Starting
83 silly rollbackFailedOptional Finishing
84 silly runTopLevelLifecycles Finishing
85 silly install printInstalled
86 verbose stack Error: EACCES: permission denied, access '/usr/lib/node_modules'
86 verbose stack     at Error (native)
87 verbose cwd /home/saaad
88 error Linux 4.10.0-35-generic
89 error argv "/usr/bin/node" "/usr/bin/npm" "install" "-g" "babel"
90 error node v6.11.4
91 error npm  v3.10.10
92 error path /usr/lib/node_modules
93 error code EACCES
94 error errno -13
95 error syscall access
96 error Error: EACCES: permission denied, access '/usr/lib/node_modules'
96 error     at Error (native)
96 error  { Error: EACCES: permission denied, access '/usr/lib/node_modules'
96 error     at Error (native)
96 error   errno: -13,
96 error   code: 'EACCES',
96 error   syscall: 'access',
96 error   path: '/usr/lib/node_modules' }
97 error Please try running this command again as root/Administrator.
98 verbose exit [ -13, true ]
